<?xml version="1.0" encoding="UTF-8"?>
<!-- Generated by org.testng.reporters.JUnitXMLReporter -->
<testsuite hostname="DESKTOP-IQTEBF1" name="Test" tests="6" failures="1" timestamp="5 Dec 2019 22:19:16 GMT" time="23.358" errors="0">
  <testcase name="welcomePageLinks" time="1.256" classname="com.testcases.WelcomePageTest"/>
  <testcase name="signOnTest" time="6.798" classname="com.testcases.ToursSignonTest"/>
  <testcase name="findFlightsTest" time="2.771" classname="com.testcases.ToursFindFlightsTest"/>
  <testcase name="reserveFlightsTest" time="2.057" classname="com.testcases.ToursReserveFlightsTest">
    <failure type="java.lang.AssertionError" message="expected [Book a Flight: Mercury Tours ---] but found [Book a Flight: Mercury Tours]">
      <![CDATA[java.lang.AssertionError: expected [Book a Flight: Mercury Tours ---] but found [Book a Flight: Mercury Tours]
	at com.testcases.ToursReserveFlightsTest.reserveFlightsTest(ToursReserveFlightsTest.java:34)
	at java.util.concurrent.FutureTask.run(FutureTask.java:266)
	at java.util.concurrent.ThreadPoolExecutor.runWorker(ThreadPoolExecutor.java:1149)
	at java.util.concurrent.ThreadPoolExecutor$Worker.run(ThreadPoolExecutor.java:624)
	at java.lang.Thread.run(Thread.java:748)
... Removed 22 stack frames]]>
    </failure>
  </testcase> <!-- reserveFlightsTest -->
  <testcase name="bookFlightsTest" time="3.513" classname="com.testcases.ToursBookFlightsTest"/>
  <testcase name="confirmBookFlightsTest" time="0.057" classname="com.testcases.ToursConfirmBookFlightsTest"/>
</testsuite> <!-- Test -->
