<?xml version="1.0" encoding="UTF-8"?>
<!-- Generated by org.testng.reporters.JUnitXMLReporter -->
<testsuite hostname="DESKTOP-IQTEBF1" ignored="0" name="Test" tests="6" failures="1" timestamp="05 Dec 2019 22:30:13 GMT" time="22.453" errors="0">
  <testcase name="welcomePageLinks" time="1.335" classname="com.testcases.WelcomePageTest"/>
  <testcase name="signOnTest" time="7.004" classname="com.testcases.ToursSignonTest"/>
  <testcase name="findFlightsTest" time="2.318" classname="com.testcases.ToursFindFlightsTest"/>
  <testcase name="reserveFlightsTest" time="1.559" classname="com.testcases.ToursReserveFlightsTest">
    <failure type="java.lang.AssertionError" message="expected [Book a Flight: Mercury Tours ---] but found [Book a Flight: Mercury Tours]">
      <![CDATA[java.lang.AssertionError: expected [Book a Flight: Mercury Tours ---] but found [Book a Flight: Mercury Tours]
at com.testcases.ToursReserveFlightsTest.reserveFlightsTest(ToursReserveFlightsTest.java:34)
at java.util.concurrent.FutureTask.run(FutureTask.java:266)
at java.util.concurrent.ThreadPoolExecutor.runWorker(ThreadPoolExecutor.java:1149)
at java.util.concurrent.ThreadPoolExecutor$Worker.run(ThreadPoolExecutor.java:624)
at java.lang.Thread.run(Thread.java:748)
... Removed 22 stack frames]]>
    </failure>
  </testcase> <!-- reserveFlightsTest -->
  <testcase name="bookFlightsTest" time="3.25" classname="com.testcases.ToursBookFlightsTest"/>
  <testcase name="confirmBookFlightsTest" time="0.052" classname="com.testcases.ToursConfirmBookFlightsTest"/>
</testsuite> <!-- Test -->
