<?xml version="1.0" encoding="UTF-8"?>
<testng-results skipped="0" failed="1" ignored="0" total="6" passed="5">
  <reporter-output>
  </reporter-output>
  <suite name="Suite" duration-ms="22453" started-at="2019-12-05T22:29:51Z" finished-at="2019-12-05T22:30:13Z">
    <groups>
    </groups>
    <test name="Test" duration-ms="22453" started-at="2019-12-05T22:29:51Z" finished-at="2019-12-05T22:30:13Z">
      <class name="com.testcases.WelcomePageTest">
        <test-method status="PASS" signature="welcomePageLinks()[pri:0, instance:com.testcases.WelcomePageTest@42a48628]" name="welcomePageLinks" duration-ms="1335" started-at="2019-12-05T22:29:56Z" finished-at="2019-12-05T22:29:58Z">
          <reporter-output>
          </reporter-output>
        </test-method> <!-- welcomePageLinks -->
      </class> <!-- com.testcases.WelcomePageTest -->
      <class name="com.testcases.ToursSignonTest">
        <test-method status="PASS" signature="setUp()[pri:0, instance:com.testcases.ToursSignonTest@4f83df68]" name="setUp" is-config="true" duration-ms="5472" started-at="2019-12-05T22:29:51Z" finished-at="2019-12-05T22:29:56Z">
          <reporter-output>
          </reporter-output>
        </test-method> <!-- setUp -->
        <test-method status="PASS" signature="signOnTest()[pri:1, instance:com.testcases.ToursSignonTest@4f83df68]" name="signOnTest" duration-ms="7004" started-at="2019-12-05T22:29:58Z" finished-at="2019-12-05T22:30:05Z">
          <reporter-output>
          </reporter-output>
        </test-method> <!-- signOnTest -->
        <test-method status="PASS" signature="tearDown()[pri:0, instance:com.testcases.ToursSignonTest@4f83df68]" name="tearDown" is-config="true" duration-ms="1441" started-at="2019-12-05T22:30:12Z" finished-at="2019-12-05T22:30:13Z">
          <reporter-output>
          </reporter-output>
        </test-method> <!-- tearDown -->
      </class> <!-- com.testcases.ToursSignonTest -->
      <class name="com.testcases.ToursFindFlightsTest">
        <test-method status="PASS" signature="findFlightsTest()[pri:3, instance:com.testcases.ToursFindFlightsTest@7d8995e]" name="findFlightsTest" duration-ms="2318" started-at="2019-12-05T22:30:05Z" finished-at="2019-12-05T22:30:07Z">
          <reporter-output>
          </reporter-output>
        </test-method> <!-- findFlightsTest -->
      </class> <!-- com.testcases.ToursFindFlightsTest -->
      <class name="com.testcases.ToursReserveFlightsTest">
        <test-method status="FAIL" signature="reserveFlightsTest()[pri:3, instance:com.testcases.ToursReserveFlightsTest@130d63be]" name="reserveFlightsTest" duration-ms="1559" started-at="2019-12-05T22:30:07Z" finished-at="2019-12-05T22:30:08Z">
          <exception class="java.lang.AssertionError">
            <message>
              <![CDATA[expected [Book a Flight: Mercury Tours ---] but found [Book a Flight: Mercury Tours]]]>
            </message>
            <full-stacktrace>
              <![CDATA[java.lang.AssertionError: expected [Book a Flight: Mercury Tours ---] but found [Book a Flight: Mercury Tours]
at org.testng.Assert.fail(Assert.java:96)
at org.testng.Assert.failNotEquals(Assert.java:776)
at org.testng.Assert.assertEqualsImpl(Assert.java:137)
at org.testng.Assert.assertEquals(Assert.java:118)
at org.testng.Assert.assertEquals(Assert.java:453)
at org.testng.Assert.assertEquals(Assert.java:463)
at com.testcases.ToursReserveFlightsTest.reserveFlightsTest(ToursReserveFlightsTest.java:34)
at sun.reflect.NativeMethodAccessorImpl.invoke0(Native Method)
at sun.reflect.NativeMethodAccessorImpl.invoke(NativeMethodAccessorImpl.java:62)
at sun.reflect.DelegatingMethodAccessorImpl.invoke(DelegatingMethodAccessorImpl.java:43)
at java.lang.reflect.Method.invoke(Method.java:498)
at org.testng.internal.MethodInvocationHelper.invokeMethod(MethodInvocationHelper.java:124)
at org.testng.internal.Invoker.invokeMethod(Invoker.java:583)
at org.testng.internal.Invoker.invokeTestMethod(Invoker.java:719)
at org.testng.internal.Invoker.invokeTestMethods(Invoker.java:989)
at org.testng.internal.TestMethodWorker.invokeTestMethods(TestMethodWorker.java:125)
at org.testng.internal.TestMethodWorker.run(TestMethodWorker.java:109)
at org.testng.TestRunner.privateRun(TestRunner.java:648)
at org.testng.TestRunner.run(TestRunner.java:505)
at org.testng.SuiteRunner.runTest(SuiteRunner.java:455)
at org.testng.SuiteRunner.access$000(SuiteRunner.java:40)
at org.testng.SuiteRunner$SuiteWorker.run(SuiteRunner.java:489)
at org.testng.internal.thread.ThreadUtil$1.call(ThreadUtil.java:52)
at java.util.concurrent.FutureTask.run(FutureTask.java:266)
at java.util.concurrent.ThreadPoolExecutor.runWorker(ThreadPoolExecutor.java:1149)
at java.util.concurrent.ThreadPoolExecutor$Worker.run(ThreadPoolExecutor.java:624)
at java.lang.Thread.run(Thread.java:748)
]]>
            </full-stacktrace>
          </exception> <!-- java.lang.AssertionError -->
          <reporter-output>
          </reporter-output>
        </test-method> <!-- reserveFlightsTest -->
      </class> <!-- com.testcases.ToursReserveFlightsTest -->
      <class name="com.testcases.ToursBookFlightsTest">
        <test-method status="PASS" signature="bookFlightsTest()[pri:4, instance:com.testcases.ToursBookFlightsTest@6cf0e0ba]" name="bookFlightsTest" duration-ms="3250" started-at="2019-12-05T22:30:08Z" finished-at="2019-12-05T22:30:12Z">
          <reporter-output>
          </reporter-output>
        </test-method> <!-- bookFlightsTest -->
      </class> <!-- com.testcases.ToursBookFlightsTest -->
      <class name="com.testcases.ToursConfirmBookFlightsTest">
        <test-method status="PASS" signature="confirmBookFlightsTest()[pri:5, instance:com.testcases.ToursConfirmBookFlightsTest@293a5bf6]" name="confirmBookFlightsTest" duration-ms="52" started-at="2019-12-05T22:30:12Z" finished-at="2019-12-05T22:30:12Z">
          <reporter-output>
          </reporter-output>
        </test-method> <!-- confirmBookFlightsTest -->
      </class> <!-- com.testcases.ToursConfirmBookFlightsTest -->
    </test> <!-- Test -->
  </suite> <!-- Suite -->
</testng-results>
