<?xml version="1.0" encoding="UTF-8"?>
<testng-results skipped="0" failed="1" total="6" passed="5">
  <reporter-output>
  </reporter-output>
  <suite name="Suite" duration-ms="23358" started-at="2019-12-05T22:18:52Z" finished-at="2019-12-05T22:19:16Z">
    <groups>
    </groups>
    <test name="Test" duration-ms="23358" started-at="2019-12-05T22:18:52Z" finished-at="2019-12-05T22:19:16Z">
      <class name="com.testcases.WelcomePageTest">
        <test-method status="PASS" signature="welcomePageLinks()[pri:0, instance:com.testcases.WelcomePageTest@1ab3a8c8]" name="welcomePageLinks" duration-ms="1256" started-at="2019-12-05T17:18:58Z" finished-at="2019-12-05T17:18:59Z">
          <reporter-output>
          </reporter-output>
        </test-method> <!-- welcomePageLinks -->
      </class> <!-- com.testcases.WelcomePageTest -->
      <class name="com.testcases.ToursSignonTest">
        <test-method status="PASS" signature="setUp()[pri:0, instance:com.testcases.ToursSignonTest@192d43ce]" name="setUp" is-config="true" duration-ms="5504" started-at="2019-12-05T17:18:52Z" finished-at="2019-12-05T17:18:58Z">
          <reporter-output>
          </reporter-output>
        </test-method> <!-- setUp -->
        <test-method status="PASS" signature="signOnTest()[pri:1, instance:com.testcases.ToursSignonTest@192d43ce]" name="signOnTest" duration-ms="6798" started-at="2019-12-05T17:18:59Z" finished-at="2019-12-05T17:19:06Z">
          <reporter-output>
          </reporter-output>
        </test-method> <!-- signOnTest -->
        <test-method status="PASS" signature="tearDown()[pri:0, instance:com.testcases.ToursSignonTest@192d43ce]" name="tearDown" is-config="true" duration-ms="1385" started-at="2019-12-05T17:19:14Z" finished-at="2019-12-05T17:19:16Z">
          <reporter-output>
          </reporter-output>
        </test-method> <!-- tearDown -->
      </class> <!-- com.testcases.ToursSignonTest -->
      <class name="com.testcases.ToursFindFlightsTest">
        <test-method status="PASS" signature="findFlightsTest()[pri:3, instance:com.testcases.ToursFindFlightsTest@1afd44cb]" name="findFlightsTest" duration-ms="2771" started-at="2019-12-05T17:19:06Z" finished-at="2019-12-05T17:19:09Z">
          <reporter-output>
          </reporter-output>
        </test-method> <!-- findFlightsTest -->
      </class> <!-- com.testcases.ToursFindFlightsTest -->
      <class name="com.testcases.ToursBookFlightsTest">
        <test-method status="PASS" signature="bookFlightsTest()[pri:4, instance:com.testcases.ToursBookFlightsTest@72057ecf]" name="bookFlightsTest" duration-ms="3513" started-at="2019-12-05T17:19:11Z" finished-at="2019-12-05T17:19:14Z">
          <reporter-output>
          </reporter-output>
        </test-method> <!-- bookFlightsTest -->
      </class> <!-- com.testcases.ToursBookFlightsTest -->
      <class name="com.testcases.ToursReserveFlightsTest">
        <test-method status="FAIL" signature="reserveFlightsTest()[pri:3, instance:com.testcases.ToursReserveFlightsTest@6973b51b]" name="reserveFlightsTest" duration-ms="2057" started-at="2019-12-05T17:19:09Z" finished-at="2019-12-05T17:19:11Z">
          <exception class="java.lang.AssertionError">
            <message>
              <![CDATA[expected [Book a Flight: Mercury Tours ---] but found [Book a Flight: Mercury Tours]]]>
            </message>
            <full-stacktrace>
              <![CDATA[java.lang.AssertionError: expected [Book a Flight: Mercury Tours ---] but found [Book a Flight: Mercury Tours]
	at org.testng.Assert.fail(Assert.java:94)
	at org.testng.Assert.failNotEquals(Assert.java:513)
	at org.testng.Assert.assertEqualsImpl(Assert.java:135)
	at org.testng.Assert.assertEquals(Assert.java:116)
	at org.testng.Assert.assertEquals(Assert.java:190)
	at org.testng.Assert.assertEquals(Assert.java:200)
	at com.testcases.ToursReserveFlightsTest.reserveFlightsTest(ToursReserveFlightsTest.java:34)
	at sun.reflect.NativeMethodAccessorImpl.invoke0(Native Method)
	at sun.reflect.NativeMethodAccessorImpl.invoke(NativeMethodAccessorImpl.java:62)
	at sun.reflect.DelegatingMethodAccessorImpl.invoke(DelegatingMethodAccessorImpl.java:43)
	at java.lang.reflect.Method.invoke(Method.java:498)
	at org.testng.internal.MethodInvocationHelper.invokeMethod(MethodInvocationHelper.java:86)
	at org.testng.internal.Invoker.invokeMethod(Invoker.java:645)
	at org.testng.internal.Invoker.invokeTestMethod(Invoker.java:822)
	at org.testng.internal.Invoker.invokeTestMethods(Invoker.java:1130)
	at org.testng.internal.TestMethodWorker.invokeTestMethods(TestMethodWorker.java:129)
	at org.testng.internal.TestMethodWorker.run(TestMethodWorker.java:112)
	at org.testng.TestRunner.privateRun(TestRunner.java:782)
	at org.testng.TestRunner.run(TestRunner.java:632)
	at org.testng.SuiteRunner.runTest(SuiteRunner.java:366)
	at org.testng.SuiteRunner.access$000(SuiteRunner.java:39)
	at org.testng.SuiteRunner$SuiteWorker.run(SuiteRunner.java:400)
	at org.testng.internal.thread.ThreadUtil$2.call(ThreadUtil.java:64)
	at java.util.concurrent.FutureTask.run(FutureTask.java:266)
	at java.util.concurrent.ThreadPoolExecutor.runWorker(ThreadPoolExecutor.java:1149)
	at java.util.concurrent.ThreadPoolExecutor$Worker.run(ThreadPoolExecutor.java:624)
	at java.lang.Thread.run(Thread.java:748)
]]>
            </full-stacktrace>
          </exception> <!-- java.lang.AssertionError -->
          <reporter-output>
          </reporter-output>
        </test-method> <!-- reserveFlightsTest -->
      </class> <!-- com.testcases.ToursReserveFlightsTest -->
      <class name="com.testcases.ToursConfirmBookFlightsTest">
        <test-method status="PASS" signature="confirmBookFlightsTest()[pri:5, instance:com.testcases.ToursConfirmBookFlightsTest@43195e57]" name="confirmBookFlightsTest" duration-ms="57" started-at="2019-12-05T17:19:14Z" finished-at="2019-12-05T17:19:14Z">
          <reporter-output>
          </reporter-output>
        </test-method> <!-- confirmBookFlightsTest -->
      </class> <!-- com.testcases.ToursConfirmBookFlightsTest -->
    </test> <!-- Test -->
  </suite> <!-- Suite -->
</testng-results>
